<?xml version="1.0" encoding="UTF-8"?>
<!-- Generated by org.testng.reporters.JUnitXMLReporter -->
<testsuite hostname="DESKTOP-I89PUIK" ignored="0" name="Default test" tests="3" failures="0" timestamp="13 May 2018 03:34:38 GMT" time="22.27" errors="0">
  <testcase name="loginPageTitleTest" time="0.073" classname="com.amazon.testcases.LoginPageTest"/>
  <testcase name="amazonImageTest" time="0.051" classname="com.amazon.testcases.LoginPageTest"/>
  <testcase name="loginTest" time="6.348" classname="com.amazon.testcases.LoginPageTest"/>
</testsuite> <!-- Default test -->
